<html>
<body>
<pre>
<h1>Vision Build Log</h1>
<h2>Project:</h2>
E:\套件\LK\LKT4101高速程序\IO模拟\算法测试例程\T=0协议\Test_fun2\Test_fun2.uvproj
Project File Date:  04/26/2011

<h2>Output:</h2>
Build target 'Target 1'
assembling STARTUP.A51...
compiling Test_fun2.c...
TEST_FUN2.C(31): error C132: 'Delay_90us': not in formal parameter list
TEST_FUN2.C(31): error C141: syntax error near '{'
TEST_FUN2.C(32): error C136: 'i': 'void' on variable
TEST_FUN2.C(32): error C132: 'i': not in formal parameter list
TEST_FUN2.C(33): error C141: syntax error near 'for'
TEST_FUN2.C(33): error C141: syntax error near '=', expected ')'
TEST_FUN2.C(33): error C129: missing ';' before '<'
Target not created
Build target 'Target 1'
assembling STARTUP.A51...
compiling Test_fun2.c...
linking...
Program Size: data=71.0 xdata=0 code=734
creating hex file from "Test_fun2"...
"Test_fun2" - 0 Error(s), 0 Warning(s).
Build target 'Target 1'
assembling STARTUP.A51...
compiling Test_fun2.c...
linking...
Program Size: data=71.0 xdata=0 code=734
creating hex file from "Test_fun2"...
"Test_fun2" - 0 Error(s), 0 Warning(s).
Build target 'Target 1'
assembling STARTUP.A51...
compiling Test_fun2.c...
linking...
Program Size: data=71.0 xdata=0 code=734
creating hex file from "Test_fun2"...
"Test_fun2" - 0 Error(s), 0 Warning(s).
Build target 'Target 1'
assembling STARTUP.A51...
compiling Test_fun2.c...
linking...
Program Size: data=71.0 xdata=0 code=734
creating hex file from "Test_fun2"...
"Test_fun2" - 0 Error(s), 0 Warning(s).
Build target 'Target 1'
assembling STARTUP.A51...
compiling Test_fun2.c...
linking...
Program Size: data=71.0 xdata=0 code=734
creating hex file from "Test_fun2"...
"Test_fun2" - 0 Error(s), 0 Warning(s).
Build target 'Target 1'
assembling STARTUP.A51...
compiling Test_fun2.c...
linking...
Program Size: data=71.0 xdata=0 code=734
creating hex file from "Test_fun2"...
"Test_fun2" - 0 Error(s), 0 Warning(s).
Build target 'Target 1'
assembling STARTUP.A51...
compiling Test_fun2.c...
linking...
Program Size: data=71.0 xdata=0 code=734
creating hex file from "Test_fun2"...
"Test_fun2" - 0 Error(s), 0 Warning(s).
Build target 'Target 1'
assembling STARTUP.A51...
compiling Test_fun2.c...
linking...
Program Size: data=71.0 xdata=0 code=734
creating hex file from "Test_fun2"...
"Test_fun2" - 0 Error(s), 0 Warning(s).
Build target 'Target 1'
assembling STARTUP.A51...
compiling Test_fun2.c...
linking...
Program Size: data=71.0 xdata=0 code=734
creating hex file from "Test_fun2"...
"Test_fun2" - 0 Error(s), 0 Warning(s).
Build target 'Target 1'
assembling STARTUP.A51...
compiling Test_fun2.c...
linking...
Program Size: data=71.0 xdata=0 code=734
creating hex file from "Test_fun2"...
"Test_fun2" - 0 Error(s), 0 Warning(s).
